<?xml version="1.0" encoding="UTF-8"?>
<!-- Generated by org.testng.reporters.JUnitXMLReporter -->
<testsuite ignored="0" hostname="DESKTOP-85AIAV1" failures="0" tests="3" name="Default test" time="8.946" errors="0" timestamp="2024-03-27T21:22:38 IST">
  <testcase classname="com.CRM.TestCases.HomePageTest" name="verifyUrl" time="0.037"/>
  <testcase classname="com.CRM.TestCases.HomePageTest" name="verifyTitle" time="0.052"/>
  <testcase classname="com.CRM.TestCases.HomePageTest" name="verifySignIn" time="1.085"/>
</testsuite> <!-- Default test -->
