<?xml version="1.0" encoding="UTF-8"?>
<testng-results ignored="0" total="3" passed="3" failed="0" skipped="0">
  <reporter-output>
  </reporter-output>
  <suite started-at="2024-03-27T21:22:29 IST" name="Default suite" finished-at="2024-03-27T21:22:38 IST" duration-ms="8946">
    <groups>
    </groups>
    <test started-at="2024-03-27T21:22:29 IST" name="Default test" finished-at="2024-03-27T21:22:38 IST" duration-ms="8946">
      <class name="com.CRM.TestCases.HomePageTest">
        <test-method is-config="true" signature="setUp()[pri:0, instance:com.CRM.TestCases.HomePageTest@1b7cc17c]" started-at="2024-03-27T21:22:29 IST" name="setUp" finished-at="2024-03-27T21:22:37 IST" duration-ms="7640" status="PASS">
          <reporter-output>
          </reporter-output>
        </test-method> <!-- setUp -->
        <test-method signature="verifyUrl()[pri:1, instance:com.CRM.TestCases.HomePageTest@1b7cc17c]" started-at="2024-03-27T21:22:37 IST" name="verifyUrl" finished-at="2024-03-27T21:22:37 IST" duration-ms="37" status="PASS">
          <reporter-output>
          </reporter-output>
        </test-method> <!-- verifyUrl -->
        <test-method signature="verifyTitle()[pri:2, instance:com.CRM.TestCases.HomePageTest@1b7cc17c]" started-at="2024-03-27T21:22:37 IST" name="verifyTitle" finished-at="2024-03-27T21:22:37 IST" duration-ms="52" status="PASS">
          <reporter-output>
          </reporter-output>
        </test-method> <!-- verifyTitle -->
        <test-method signature="verifySignIn()[pri:3, instance:com.CRM.TestCases.HomePageTest@1b7cc17c]" started-at="2024-03-27T21:22:37 IST" name="verifySignIn" finished-at="2024-03-27T21:22:38 IST" duration-ms="1085" status="PASS">
          <reporter-output>
          </reporter-output>
        </test-method> <!-- verifySignIn -->
      </class> <!-- com.CRM.TestCases.HomePageTest -->
    </test> <!-- Default test -->
  </suite> <!-- Default suite -->
</testng-results>
